TN:
SF:pkg/kv/kvserver/allocator/mmaprototype/allocator_state.go
FNF:0
FNH:0
DA:45,0
DA:46,0
DA:47,0
DA:48,0
DA:49,0
DA:50,0
DA:51,0
DA:52,0
DA:53,0
DA:54,0
DA:55,0
DA:56,0
DA:57,0
DA:58,0
DA:59,0
DA:60,0
DA:61,0
DA:220,0
DA:221,0
DA:222,0
DA:223,0
DA:224,0
DA:225,0
DA:226,0
DA:227,0
DA:228,0
DA:229,0
DA:230,0
DA:239,0
DA:240,0
DA:241,0
DA:243,0
DA:244,0
DA:245,0
DA:248,0
DA:249,0
DA:250,0
DA:251,0
DA:252,0
DA:255,0
DA:256,0
DA:257,0
DA:258,0
DA:259,0
DA:262,0
DA:263,0
DA:264,0
DA:265,0
DA:266,0
DA:267,0
DA:268,0
DA:269,0
DA:270,0
DA:271,0
DA:272,0
DA:273,0
DA:274,0
DA:275,0
DA:276,0
DA:281,0
DA:282,0
DA:283,0
DA:284,0
DA:285,0
DA:287,0
DA:289,0
DA:290,0
DA:291,0
DA:292,0
DA:293,0
DA:294,0
DA:295,0
DA:296,0
DA:297,0
DA:298,0
DA:301,0
DA:302,0
DA:303,0
DA:304,0
DA:305,0
DA:306,0
DA:313,0
DA:314,0
DA:315,0
DA:316,0
DA:317,0
DA:318,0
DA:319,0
DA:320,0
DA:321,0
DA:322,0
DA:323,0
DA:324,0
DA:325,0
DA:331,0
DA:332,0
DA:333,0
DA:334,0
DA:335,0
DA:337,0
DA:338,0
DA:348,0
DA:349,0
DA:350,0
DA:351,0
DA:357,0
DA:358,0
DA:359,0
DA:360,0
DA:364,0
DA:365,0
DA:366,0
DA:367,0
DA:368,0
DA:369,0
DA:370,0
DA:371,0
DA:372,0
DA:373,0
DA:412,0
DA:413,0
DA:414,0
DA:415,0
DA:416,0
DA:417,0
DA:418,0
DA:419,0
DA:420,0
DA:421,0
DA:426,0
DA:427,0
DA:428,0
DA:502,1
DA:503,1
DA:504,2
DA:505,2
DA:506,2
DA:507,1
DA:508,0
DA:510,1
DA:511,1
DA:512,1
DA:513,1
DA:514,1
DA:515,1
DA:516,0
DA:518,1
DA:519,1
DA:520,1
DA:521,1
DA:522,1
DA:523,1
DA:524,1
DA:525,1
DA:526,2
DA:527,2
DA:528,0
DA:529,0
DA:530,0
DA:531,0
DA:532,0
DA:533,0
DA:537,2
DA:538,2
DA:539,2
DA:540,2
DA:542,1
DA:543,0
DA:544,0
DA:545,0
DA:548,1
DA:549,1
DA:550,1
DA:551,1
DA:552,1
DA:553,1
DA:554,1
DA:555,1
DA:556,1
DA:557,1
DA:558,1
DA:559,1
DA:560,1
DA:561,1
DA:562,1
DA:563,1
DA:564,2
DA:565,2
DA:566,0
DA:567,0
DA:568,0
DA:569,0
DA:570,0
DA:572,0
DA:574,2
DA:575,0
DA:576,0
DA:577,0
DA:578,0
DA:579,0
DA:580,0
DA:586,2
DA:587,0
DA:589,2
DA:590,2
DA:591,2
DA:592,2
DA:593,2
DA:594,2
DA:595,0
DA:596,0
DA:597,0
DA:598,0
DA:599,0
DA:600,0
DA:601,0
DA:603,2
DA:604,2
DA:606,1
DA:607,0
DA:608,0
DA:609,0
DA:610,1
DA:611,1
DA:612,1
DA:613,1
DA:614,1
DA:615,1
DA:616,1
DA:617,1
DA:618,1
DA:619,1
DA:620,1
DA:621,1
DA:622,1
DA:623,1
DA:624,1
DA:625,1
DA:626,1
DA:627,1
DA:628,1
DA:629,1
DA:630,1
DA:631,1
DA:632,1
DA:633,1
DA:634,0
DA:637,1
DA:638,0
DA:639,0
DA:640,0
DA:646,1
DA:647,1
DA:648,0
DA:649,0
DA:650,0
DA:651,1
DA:652,0
DA:653,0
DA:654,0
DA:655,0
DA:656,0
DA:660,1
DA:661,2
DA:662,2
DA:663,0
DA:665,2
DA:667,1
DA:668,0
DA:669,0
DA:670,0
DA:671,1
DA:672,1
DA:673,0
DA:674,0
DA:675,0
DA:676,0
DA:677,0
DA:678,0
DA:679,0
DA:680,0
DA:681,0
DA:682,0
DA:683,0
DA:684,0
DA:685,0
DA:686,0
DA:687,0
DA:689,0
DA:691,0
DA:693,1
DA:694,2
DA:695,2
DA:696,2
DA:697,1
DA:698,1
DA:699,1
DA:700,1
DA:701,1
DA:702,0
DA:703,0
DA:705,1
DA:708,1
DA:709,1
DA:710,0
DA:711,0
DA:713,1
DA:714,1
DA:715,1
DA:716,3
DA:717,3
DA:718,3
DA:719,3
DA:720,1
DA:721,1
DA:723,1
DA:724,0
DA:725,0
DA:726,0
DA:727,0
DA:728,0
DA:729,0
DA:730,0
DA:731,0
DA:732,0
DA:734,1
DA:735,1
DA:805,0
DA:806,0
DA:807,0
DA:808,0
DA:809,0
DA:810,0
DA:811,0
DA:812,0
DA:813,0
DA:817,0
DA:818,0
DA:819,0
DA:820,0
DA:822,0
DA:823,0
DA:824,0
DA:825,0
DA:826,0
DA:827,0
DA:829,0
DA:830,0
DA:858,0
DA:859,0
DA:860,0
DA:861,0
DA:862,0
DA:877,23
DA:878,73
DA:879,73
DA:880,73
DA:881,23
DA:885,3
DA:886,3
DA:887,5
DA:888,10
DA:889,10
DA:890,10
DA:891,10
DA:895,5
DA:897,3
DA:901,0
DA:902,0
DA:903,0
DA:904,0
DA:905,0
DA:906,0
DA:907,0
DA:908,0
DA:909,0
DA:910,0
DA:911,0
DA:912,0
DA:913,0
DA:916,0
DA:919,3
DA:920,3
DA:921,3
DA:922,3
DA:923,3
DA:926,3
DA:927,3
DA:928,3
DA:933,3
DA:934,3
DA:935,3
DA:939,0
DA:940,0
DA:941,0
DA:947,3
DA:948,3
DA:949,3
DA:950,3
DA:951,0
DA:960,2
DA:961,2
DA:962,2
DA:963,2
DA:964,2
DA:965,2
DA:971,3
DA:972,3
DA:973,3
DA:974,0
DA:975,0
DA:976,3
DA:977,3
DA:978,3
DA:990,4
DA:991,4
DA:992,4
DA:1001,2
DA:1002,2
DA:1003,2
DA:1004,2
DA:1005,2
DA:1027,3
DA:1028,3
DA:1029,3
DA:1030,3
DA:1031,3
DA:1032,3
DA:1033,3
DA:1034,3
DA:1036,12
DA:1037,12
DA:1038,12
DA:1039,12
DA:1040,12
DA:1041,12
DA:1042,7
DA:1044,12
DA:1047,3
DA:1048,3
DA:1049,3
LF:441
LH:183
end_of_record
TN:
SF:pkg/kv/kvserver/allocator/mmaprototype/cluster_state.go
FNF:0
FNH:0
DA:57,176
DA:58,176
DA:59,176
DA:60,33
DA:61,33
DA:62,65
DA:63,65
DA:64,78
DA:65,78
DA:67,176
DA:68,176
DA:69,77
DA:70,77
DA:73,136
DA:74,136
DA:75,136
DA:82,14
DA:83,14
DA:84,2
DA:85,2
DA:86,2
DA:87,12
DA:88,12
DA:89,12
DA:90,7
DA:91,7
DA:97,5
DA:98,0
DA:99,0
DA:100,0
DA:109,5
DA:110,5
DA:111,3
DA:112,3
DA:113,2
DA:143,20
DA:144,20
DA:145,0
DA:146,0
DA:147,1
DA:148,1
DA:149,1
DA:150,1
DA:151,6
DA:152,6
DA:153,12
DA:154,12
DA:155,0
DA:156,0
DA:157,0
DA:158,0
DA:162,198
DA:163,198
DA:164,198
DA:228,0
DA:229,0
DA:230,0
DA:233,20
DA:234,20
DA:235,20
DA:238,39
DA:239,39
DA:240,39
DA:243,18
DA:244,18
DA:245,18
DA:249,10
DA:250,10
DA:251,10
DA:252,10
DA:254,99
DA:255,99
DA:256,99
DA:257,99
DA:258,0
DA:259,0
DA:260,99
DA:261,31
DA:262,31
DA:265,68
DA:266,38
DA:267,38
DA:268,30
DA:269,30
DA:270,0
DA:271,0
DA:272,30
DA:273,15
DA:274,15
DA:275,15
DA:277,0
DA:285,2
DA:286,2
DA:287,5
DA:288,5
DA:289,2
DA:290,2
DA:291,5
DA:292,2
DA:293,2
DA:295,2
DA:296,0
DA:297,0
DA:299,2
DA:300,0
DA:301,0
DA:304,2
DA:305,2
DA:306,2
DA:307,2
DA:308,2
DA:309,2
DA:310,0
DA:311,0
DA:312,0
DA:314,2
DA:315,0
DA:316,0
DA:317,0
DA:320,2
DA:321,2
DA:322,2
DA:323,2
DA:324,2
DA:325,2
DA:326,2
DA:327,2
DA:328,2
DA:329,2
DA:330,2
DA:331,2
DA:332,2
DA:333,2
DA:334,2
DA:335,2
DA:336,2
DA:337,2
DA:338,2
DA:339,2
DA:340,2
DA:341,2
DA:342,2
DA:343,2
DA:353,6
DA:354,6
DA:355,6
DA:356,6
DA:357,6
DA:358,6
DA:359,6
DA:360,6
DA:361,6
DA:362,6
DA:363,6
DA:364,6
DA:365,6
DA:366,6
DA:367,6
DA:368,6
DA:369,6
DA:370,5
DA:371,5
DA:372,1
DA:373,1
DA:374,1
DA:375,1
DA:376,6
DA:386,7
DA:387,7
DA:388,7
DA:389,7
DA:390,7
DA:391,7
DA:392,7
DA:393,7
DA:394,7
DA:395,7
DA:396,7
DA:397,5
DA:398,5
DA:399,2
DA:400,2
DA:401,2
DA:402,2
DA:403,7
DA:414,0
DA:415,0
DA:416,0
DA:417,0
DA:418,0
DA:419,0
DA:420,0
DA:421,0
DA:422,0
DA:423,0
DA:424,0
DA:425,0
DA:426,0
DA:427,0
DA:428,0
DA:429,0
DA:430,0
DA:441,6
DA:442,6
DA:443,9
DA:444,9
DA:445,6
DA:446,6
DA:448,6
DA:449,0
DA:450,0
DA:452,6
DA:453,6
DA:454,6
DA:455,6
DA:456,6
DA:457,6
DA:458,6
DA:461,6
DA:462,6
DA:463,6
DA:464,6
DA:465,0
DA:466,0
DA:467,0
DA:468,0
DA:503,9
DA:504,17
DA:505,17
DA:506,0
DA:507,0
DA:510,9
DA:511,17
DA:512,17
DA:513,17
DA:514,17
DA:515,17
DA:516,9
DA:517,9
DA:518,9
DA:519,9
DA:522,0
DA:523,0
DA:524,0
DA:530,0
DA:531,0
DA:532,0
DA:533,0
DA:534,0
DA:535,0
DA:536,0
DA:537,0
DA:538,0
DA:539,0
DA:541,0
DA:542,0
DA:543,0
DA:544,0
DA:545,0
DA:546,0
DA:547,0
DA:548,0
DA:549,0
DA:550,0
DA:551,0
DA:552,0
DA:553,0
DA:554,0
DA:555,0
DA:556,0
DA:557,0
DA:558,0
DA:559,0
DA:562,0
DA:566,0
DA:567,0
DA:568,0
DA:569,0
DA:570,0
DA:571,0
DA:572,0
DA:573,0
DA:574,0
DA:579,0
DA:580,0
DA:581,0
DA:582,0
DA:587,9
DA:588,9
DA:589,1
DA:590,1
DA:591,8
DA:592,10
DA:593,10
DA:596,6
DA:597,6
DA:599,4
DA:600,2
DA:601,2
DA:602,2
DA:603,2
DA:604,0
DA:605,0
DA:607,2
DA:806,21
DA:807,21
DA:808,21
DA:809,9
DA:810,1
DA:811,1
DA:812,1
DA:813,1
DA:816,8
DA:817,5
DA:818,5
DA:820,21
DA:823,27
DA:824,27
DA:825,27
DA:827,39
DA:828,117
DA:829,117
DA:830,117
DA:831,117
DA:832,117
DA:833,117
DA:834,117
DA:835,117
DA:836,117
DA:837,117
DA:838,38
DA:839,38
DA:840,38
DA:841,38
DA:842,38
DA:843,38
DA:844,28
DA:845,28
DA:846,28
DA:847,28
DA:848,28
DA:849,28
DA:850,28
DA:851,21
DA:852,21
DA:853,21
DA:854,21
DA:855,30
DA:856,30
DA:857,30
DA:858,30
DA:859,0
DA:860,0
DA:863,117
DA:864,117
DA:866,39
DA:869,20
DA:870,20
DA:871,20
DA:872,20
DA:873,20
DA:874,20
DA:875,20
DA:884,18
DA:885,18
DA:886,18
DA:887,18
DA:888,18
DA:889,18
DA:890,18
DA:891,18
DA:899,0
DA:900,0
DA:901,0
DA:904,0
DA:905,0
DA:906,0
DA:1150,11
DA:1151,11
DA:1152,11
DA:1153,11
DA:1154,11
DA:1155,11
DA:1156,11
DA:1158,20
DA:1159,29
DA:1160,29
DA:1161,12
DA:1162,12
DA:1163,12
DA:1165,8
DA:1168,19
DA:1169,19
DA:1170,19
DA:1171,23
DA:1172,23
DA:1173,19
DA:1174,19
DA:1175,19
DA:1176,19
DA:1178,0
DA:1181,7
DA:1182,7
DA:1183,12
DA:1184,12
DA:1185,7
DA:1186,0
DA:1187,0
DA:1188,0
DA:1189,7
DA:1192,7
DA:1193,7
DA:1194,7
DA:1195,0
DA:1198,15
DA:1199,15
DA:1200,15
DA:1201,15
DA:1202,15
DA:1203,15
DA:1204,15
DA:1205,15
DA:1206,15
DA:1209,15
DA:1210,0
DA:1216,30
DA:1217,30
DA:1218,30
DA:1219,30
DA:1220,0
DA:1221,0
DA:1288,9
DA:1289,9
DA:1290,9
DA:1291,9
DA:1292,9
DA:1293,9
DA:1294,9
DA:1295,9
DA:1296,9
DA:1297,9
DA:1298,9
DA:1299,9
DA:1300,9
DA:1301,9
DA:1303,21
DA:1304,21
DA:1305,21
DA:1306,21
DA:1307,21
DA:1308,21
DA:1309,21
DA:1310,21
DA:1311,21
DA:1312,21
DA:1313,0
DA:1315,21
DA:1316,0
DA:1318,21
DA:1319,21
DA:1320,21
DA:1321,21
DA:1322,21
DA:1323,21
DA:1324,21
DA:1325,21
DA:1326,21
DA:1327,21
DA:1328,21
DA:1329,21
DA:1330,21
DA:1331,21
DA:1332,21
DA:1333,21
DA:1334,21
DA:1335,21
DA:1336,21
DA:1337,21
DA:1338,21
DA:1339,21
DA:1340,21
DA:1341,21
DA:1342,5
DA:1343,5
DA:1344,5
DA:1346,21
DA:1347,4
DA:1348,4
DA:1349,4
DA:1350,4
DA:1351,4
DA:1352,21
DA:1353,21
DA:1358,0
DA:1359,0
DA:1360,0
DA:1364,22
DA:1365,22
DA:1366,22
DA:1367,22
DA:1368,22
DA:1369,28
DA:1370,28
DA:1371,28
DA:1372,28
DA:1373,11
DA:1374,11
DA:1375,0
DA:1377,11
DA:1378,11
DA:1379,17
DA:1380,2
DA:1381,2
DA:1382,28
DA:1383,8
DA:1384,8
DA:1385,8
DA:1386,8
DA:1387,8
DA:1388,8
DA:1389,8
DA:1390,8
DA:1391,8
DA:1392,13
DA:1393,13
DA:1394,13
DA:1395,13
DA:1396,13
DA:1397,13
DA:1398,13
DA:1399,13
DA:1400,13
DA:1401,1
DA:1402,1
DA:1405,1
DA:1406,1
DA:1407,1
DA:1408,8
DA:1409,6
DA:1416,22
DA:1417,20
DA:1418,20
DA:1419,22
DA:1420,19
DA:1421,19
DA:1422,0
DA:1424,19
DA:1426,22
DA:1427,45
DA:1428,45
DA:1429,45
DA:1434,22
DA:1435,22
DA:1436,14
DA:1437,14
DA:1438,14
DA:1439,2
DA:1440,2
DA:1441,14
DA:1442,5
DA:1443,5
DA:1444,9
DA:1445,9
DA:1446,9
DA:1448,22
DA:1449,22
DA:1450,3
DA:1451,3
DA:1452,3
DA:1453,3
DA:1454,3
DA:1455,2
DA:1456,2
DA:1457,2
DA:1458,2
DA:1460,19
DA:1461,3
DA:1462,3
DA:1463,3
DA:1464,3
DA:1465,3
DA:1466,3
DA:1467,3
DA:1468,3
DA:1469,3
DA:1470,3
DA:1471,3
DA:1472,3
DA:1473,3
DA:1478,22
DA:1479,5
DA:1480,5
DA:1481,22
DA:1482,5
DA:1483,5
DA:1484,5
DA:1485,5
DA:1486,5
DA:1487,5
DA:1488,5
DA:1489,5
DA:1490,5
DA:1491,5
DA:1492,5
DA:1493,5
DA:1494,5
DA:1495,5
DA:1503,22
DA:1504,7
DA:1505,7
DA:1506,7
DA:1507,7
DA:1508,7
DA:1509,7
DA:1510,7
DA:1511,7
DA:1512,2
DA:1513,5
DA:1514,5
DA:1515,5
DA:1516,5
DA:1517,5
DA:1518,5
DA:1519,5
DA:1520,5
DA:1521,5
DA:1522,5
DA:1523,5
DA:1524,0
DA:1525,0
DA:1527,5
DA:1529,7
DA:1530,5
DA:1531,5
DA:1532,5
DA:1533,5
DA:1534,5
DA:1535,7
DA:1536,7
DA:1537,7
DA:1538,2
DA:1539,2
DA:1540,2
DA:1541,2
DA:1542,2
DA:1543,2
DA:1544,2
DA:1545,2
DA:1546,0
DA:1547,0
DA:1550,2
DA:1551,2
DA:1552,2
DA:1553,2
DA:1554,2
DA:1555,2
DA:1556,2
DA:1557,0
DA:1561,22
DA:1562,20
DA:1563,20
DA:1564,0
DA:1565,0
DA:1567,20
DA:1573,22
DA:1577,32
DA:1578,32
DA:1579,32
DA:1580,28
DA:1590,4
DA:1591,0
DA:1599,4
DA:1600,4
DA:1601,4
DA:1602,4
DA:1603,4
DA:1604,4
DA:1605,4
DA:1607,6
DA:1608,6
DA:1609,6
DA:1610,0
DA:1612,6
DA:1614,4
DA:1615,4
DA:1617,22
DA:1618,22
DA:1619,22
DA:1620,55
DA:1621,55
DA:1622,55
DA:1623,25
DA:1624,25
DA:1625,25
DA:1626,55
DA:1627,55
DA:1628,55
DA:1629,22
DA:1630,33
DA:1631,33
DA:1632,33
DA:1633,55
DA:1634,14
DA:1635,41
DA:1636,10
DA:1637,10
DA:1638,10
DA:1639,10
DA:1640,10
DA:1641,10
DA:1681,55
DA:1682,55
DA:1683,55
DA:1684,55
DA:1685,55
DA:1686,55
DA:1687,55
DA:1688,55
DA:1689,55
DA:1690,55
DA:1691,55
DA:1692,55
DA:1693,55
DA:1694,55
DA:1695,55
DA:1696,55
DA:1697,55
DA:1698,55
DA:1699,55
DA:1700,55
DA:1701,55
DA:1702,55
DA:1703,17
DA:1704,17
DA:1705,17
DA:1706,17
DA:1710,55
DA:1711,55
DA:1712,55
DA:1713,0
DA:1714,0
DA:1715,0
DA:1716,0
DA:1717,55
DA:1726,26
DA:1727,26
DA:1728,0
DA:1729,0
DA:1730,0
DA:1731,0
DA:1732,0
DA:1733,0
DA:1734,0
DA:1735,0
DA:1736,0
DA:1737,0
DA:1738,0
DA:1740,26
DA:1741,26
DA:1742,26
DA:1743,26
DA:1744,26
DA:1745,26
DA:1746,26
DA:1747,26
DA:1748,26
DA:1749,50
DA:1750,50
DA:1751,50
DA:1752,50
DA:1753,50
DA:1754,50
DA:1755,26
DA:1756,26
DA:1757,26
DA:1758,5
DA:1759,5
DA:1760,26
DA:1761,10
DA:1762,10
DA:1763,14
DA:1764,14
DA:1769,55
DA:1770,55
DA:1771,55
DA:1772,55
DA:1794,45
DA:1795,45
DA:1796,45
DA:1797,25
DA:1798,16
DA:1799,16
DA:1800,25
DA:1802,45
DA:1803,16
DA:1804,16
DA:1805,0
DA:1813,16
DA:1814,6
DA:1816,10
DA:1817,0
DA:1819,10
DA:1820,10
DA:1821,9
DA:1823,1
DA:1824,1
DA:1825,1
DA:1826,1
DA:1827,0
DA:1831,1
DA:1832,2
DA:1833,2
DA:1834,2
DA:1835,2
DA:1836,2
DA:1837,2
DA:1841,9
DA:1842,9
DA:1843,9
DA:1844,0
DA:1846,9
DA:1847,9
DA:1848,9
DA:1849,0
DA:1852,9
DA:1853,9
DA:1859,6
DA:1860,6
DA:1861,6
DA:1862,1
DA:1864,5
DA:1865,5
DA:1866,0
DA:1868,5
DA:1869,1
DA:1870,1
DA:1873,4
DA:1874,4
DA:1875,4
DA:1876,4
DA:1877,4
DA:1878,4
DA:1879,4
DA:1880,4
DA:1883,1
DA:1884,1
DA:1885,1
DA:1886,1
DA:1887,1
DA:1888,1
DA:1889,1
DA:1890,1
DA:1891,1
DA:1892,0
DA:1893,0
DA:1894,0
DA:1896,1
DA:1906,9
DA:1907,9
DA:1908,0
DA:1909,0
DA:1910,9
DA:1911,17
DA:1912,17
DA:1913,0
DA:1914,0
DA:1917,9
DA:1918,9
DA:1919,0
DA:1920,0
DA:1925,9
DA:1926,9
DA:1927,2
DA:1928,2
DA:1929,2
DA:1930,9
DA:1931,9
DA:1932,17
DA:1933,17
DA:1934,17
DA:1935,17
DA:1936,17
DA:1937,17
DA:1938,17
DA:1939,17
DA:1940,17
DA:1941,17
DA:1942,17
DA:1943,17
DA:1944,17
DA:1945,17
DA:1946,17
DA:1947,17
DA:1948,17
DA:1949,17
DA:1950,17
DA:1969,6
DA:1970,6
DA:1971,0
DA:1972,0
DA:1973,6
DA:1974,6
DA:1975,6
DA:1976,6
DA:1977,0
DA:1978,0
DA:1979,6
DA:1980,0
DA:1981,0
DA:1982,0
DA:1985,6
DA:1986,6
DA:1987,6
DA:1988,9
DA:1989,9
DA:1990,9
DA:1991,0
DA:1993,9
DA:1994,5
DA:1995,0
DA:1996,0
DA:1997,4
DA:1998,4
DA:1999,4
DA:2000,4
DA:2001,4
DA:2002,4
DA:2003,4
DA:2004,4
DA:2005,4
DA:2006,4
DA:2007,0
DA:2011,6
DA:2023,1
DA:2024,1
DA:2025,0
DA:2026,0
DA:2027,1
DA:2028,1
DA:2029,1
DA:2030,0
DA:2031,0
DA:2033,1
DA:2034,1
DA:2035,1
DA:2036,2
DA:2037,2
DA:2038,0
DA:2043,2
DA:2044,1
DA:2045,1
DA:2046,1
DA:2047,1
DA:2048,1
DA:2049,1
DA:2050,1
DA:2051,0
DA:2052,0
DA:2053,0
DA:2054,0
DA:2057,1
DA:2058,0
DA:2059,0
DA:2060,1
DA:2064,24
DA:2065,24
DA:2066,24
DA:2067,0
DA:2069,24
DA:2070,24
DA:2071,0
DA:2074,24
DA:2075,24
DA:2076,24
DA:2077,12
DA:2078,12
DA:2079,0
DA:2081,12
DA:2082,8
DA:2083,8
DA:2084,8
DA:2085,8
DA:2086,8
DA:2087,8
DA:2088,8
DA:2089,8
DA:2090,8
DA:2091,4
DA:2092,4
DA:2093,4
DA:2094,4
DA:2095,4
DA:2096,4
DA:2097,4
DA:2098,4
DA:2099,0
DA:2101,24
DA:2102,17
DA:2103,17
DA:2106,4
DA:2107,4
DA:2108,4
DA:2109,4
DA:2110,4
DA:2111,4
DA:2112,3
DA:2113,3
DA:2114,3
DA:2115,3
DA:2116,3
DA:2117,3
DA:2118,3
DA:2119,1
DA:2120,1
DA:2121,0
DA:2123,0
DA:2124,0
DA:2126,4
DA:2131,21
DA:2132,21
DA:2133,21
DA:2134,21
DA:2135,21
DA:2136,21
DA:2137,21
DA:2138,21
DA:2142,6
DA:2143,6
DA:2144,6
DA:2145,6
DA:2146,6
DA:2147,6
DA:2148,6
DA:2149,6
DA:2157,22
DA:2158,22
DA:2159,22
DA:2160,18
DA:2161,18
DA:2162,18
DA:2163,18
DA:2164,22
DA:2165,22
DA:2166,20
DA:2167,20
DA:2168,20
DA:2169,20
DA:2170,20
DA:2171,20
DA:2172,20
DA:2173,20
DA:2174,20
DA:2175,20
DA:2176,20
DA:2177,20
DA:2178,20
DA:2179,20
DA:2180,20
DA:2192,58
DA:2193,58
DA:2194,58
DA:2195,58
DA:2196,0
DA:2199,49
DA:2200,49
DA:2201,49
DA:2202,49
DA:2203,0
DA:2223,1
DA:2224,1
DA:2225,0
DA:2231,1
DA:2232,1
DA:2233,1
DA:2234,1
DA:2235,1
DA:2236,1
DA:2237,1
DA:2238,1
DA:2239,1
DA:2240,1
DA:2241,1
DA:2242,1
DA:2243,1
DA:2244,1
DA:2245,1
DA:2246,1
DA:2247,1
DA:2248,1
DA:2249,1
DA:2250,1
DA:2251,1
DA:2252,1
DA:2253,1
DA:2254,1
DA:2255,1
DA:2256,1
DA:2257,1
DA:2258,1
DA:2259,1
DA:2260,1
DA:2261,0
DA:2262,0
DA:2263,0
DA:2265,1
DA:2266,0
DA:2267,0
DA:2268,0
DA:2279,1
DA:2280,1
DA:2281,1
DA:2282,1
DA:2283,0
DA:2284,0
DA:2285,0
DA:2286,0
DA:2287,0
DA:2288,0
DA:2289,0
DA:2292,1
DA:2293,0
DA:2294,0
DA:2295,1
DA:2296,0
DA:2297,0
DA:2298,0
DA:2304,1
DA:2305,1
DA:2306,1
DA:2307,1
DA:2308,1
DA:2309,1
DA:2310,1
DA:2311,1
DA:2312,1
DA:2313,1
DA:2314,1
DA:2315,1
DA:2316,1
DA:2317,1
DA:2318,1
DA:2319,1
DA:2320,1
DA:2321,1
DA:2322,1
DA:2323,1
DA:2324,1
DA:2325,1
DA:2326,1
DA:2327,1
DA:2328,1
DA:2329,1
DA:2330,1
DA:2331,1
DA:2332,0
DA:2333,0
DA:2334,0
DA:2335,0
DA:2336,0
DA:2337,1
DA:2338,3
DA:2339,3
DA:2340,3
DA:2341,1
DA:2343,2
DA:2344,2
DA:2348,0
DA:2349,0
DA:2350,0
DA:2351,0
DA:2352,0
DA:2353,0
DA:2354,0
DA:2361,1
DA:2362,1
DA:2363,1
DA:2364,1
DA:2365,1
DA:2366,1
DA:2367,1
DA:2368,1
DA:2369,1
DA:2370,1
DA:2371,1
DA:2372,1
DA:2373,1
DA:2374,1
DA:2375,1
DA:2376,1
DA:2377,0
DA:2378,0
DA:2379,0
DA:2380,0
DA:2381,0
DA:2383,0
DA:2384,0
DA:2385,0
DA:2386,0
DA:2387,0
DA:2389,0
DA:2390,0
DA:2391,0
DA:2392,0
DA:2393,0
DA:2395,0
DA:2396,0
DA:2397,0
DA:2398,0
DA:2399,0
DA:2400,0
DA:2402,0
DA:2403,0
DA:2404,0
DA:2405,0
DA:2406,0
DA:2408,0
DA:2409,0
DA:2410,0
DA:2411,0
DA:2412,0
DA:2413,0
DA:2415,0
DA:2420,61
DA:2421,61
DA:2422,61
DA:2423,61
DA:2424,61
DA:2427,0
DA:2428,0
DA:2429,0
DA:2430,0
DA:2431,0
DA:2432,0
DA:2433,0
DA:2434,0
DA:2435,0
DA:2436,0
DA:2437,0
DA:2438,0
DA:2443,63
DA:2444,63
DA:2445,63
DA:2446,63
DA:2447,63
DA:2448,189
DA:2449,189
DA:2450,189
DA:2451,189
DA:2452,189
DA:2453,53
DA:2454,53
DA:2455,53
DA:2456,189
DA:2457,189
DA:2458,63
DA:2459,63
DA:2462,63
DA:2463,63
DA:2464,63
DA:2465,63
DA:2466,63
DA:2467,63
DA:2468,63
DA:2469,63
DA:2470,63
DA:2471,63
DA:2472,63
DA:2473,63
DA:2487,82
DA:2488,82
DA:2489,82
DA:2490,82
LF:1272
LH:1003
end_of_record
TN:
SF:pkg/kv/kvserver/allocator/mmaprototype/cluster_state_rebalance_stores.go
FNF:0
FNH:0
DA:68,1
DA:69,1
DA:70,1
DA:71,1
DA:72,1
DA:73,1
DA:74,1
DA:75,1
DA:76,1
DA:77,1
DA:78,1
DA:79,1
DA:80,1
DA:81,1
DA:82,1
DA:83,1
DA:84,1
DA:85,1
DA:86,1
DA:87,1
DA:88,1
DA:89,1
DA:90,1
DA:91,1
DA:92,1
DA:93,1
DA:94,1
DA:95,1
DA:96,1
DA:97,1
DA:98,1
DA:99,1
DA:100,3
DA:101,3
DA:102,3
DA:103,3
DA:104,3
DA:105,3
DA:106,1
DA:107,1
DA:108,0
DA:109,0
DA:110,1
DA:111,1
DA:112,1
DA:113,1
DA:114,1
DA:117,1
DA:118,1
DA:119,1
DA:120,1
DA:121,1
DA:122,1
DA:123,0
DA:124,0
DA:125,0
DA:126,0
DA:127,2
DA:128,0
DA:129,0
DA:130,0
DA:131,0
DA:132,0
DA:142,1
DA:143,0
DA:144,0
DA:145,0
DA:146,0
DA:147,0
DA:148,0
DA:150,0
DA:151,0
DA:154,1
DA:155,0
DA:156,0
DA:157,0
DA:158,0
DA:169,1
DA:170,1
DA:171,1
DA:172,1
DA:173,1
DA:174,1
DA:175,1
DA:176,1
DA:177,1
DA:178,1
DA:179,1
DA:180,1
DA:181,1
DA:182,1
DA:183,1
DA:184,1
DA:185,1
DA:186,1
DA:187,1
DA:188,1
DA:189,0
DA:191,1
DA:193,1
DA:198,1
DA:199,1
DA:200,1
DA:201,1
DA:202,1
DA:203,1
DA:204,1
DA:205,1
DA:206,1
DA:207,1
DA:208,1
DA:209,1
DA:210,1
DA:211,1
DA:212,1
DA:213,1
DA:214,0
DA:215,0
DA:216,1
DA:218,1
DA:219,1
DA:220,0
DA:221,0
DA:222,0
DA:223,0
DA:231,1
DA:232,1
DA:233,1
DA:234,1
DA:235,1
DA:236,0
DA:237,0
DA:238,0
DA:239,0
DA:241,0
DA:242,0
DA:247,0
DA:248,0
DA:249,0
DA:250,0
DA:251,0
DA:252,0
DA:253,0
DA:257,0
DA:258,0
DA:259,0
DA:260,0
DA:261,0
DA:262,0
DA:263,0
DA:264,0
DA:265,0
DA:266,0
DA:267,0
DA:268,0
DA:271,0
DA:272,0
DA:273,0
DA:274,0
DA:275,0
DA:276,0
DA:277,0
DA:278,0
DA:279,0
DA:280,0
DA:281,0
DA:282,0
DA:284,0
DA:285,0
DA:286,0
DA:288,0
DA:289,0
DA:290,0
DA:291,0
DA:292,0
DA:293,0
DA:294,0
DA:295,0
DA:296,0
DA:298,0
DA:299,0
DA:300,0
DA:301,0
DA:302,0
DA:303,0
DA:304,0
DA:305,0
DA:306,0
DA:307,0
DA:308,0
DA:309,0
DA:311,0
DA:312,0
DA:313,0
DA:314,0
DA:315,0
DA:316,0
DA:317,0
DA:318,0
DA:319,0
DA:320,0
DA:322,0
DA:323,0
DA:324,0
DA:325,0
DA:328,0
DA:329,0
DA:330,0
DA:331,0
DA:332,0
DA:333,0
DA:334,0
DA:335,0
DA:338,0
DA:339,0
DA:340,0
DA:342,0
DA:343,0
DA:344,0
DA:345,0
DA:346,0
DA:347,0
DA:348,0
DA:349,0
DA:350,0
DA:351,0
DA:352,0
DA:353,0
DA:354,0
DA:355,0
DA:356,0
DA:357,0
DA:369,0
DA:370,0
DA:371,0
DA:372,0
DA:373,0
DA:374,0
DA:375,0
DA:376,0
DA:377,0
DA:378,0
DA:379,0
DA:380,0
DA:381,0
DA:382,0
DA:383,0
DA:384,0
DA:385,0
DA:387,0
DA:388,0
DA:389,0
DA:390,0
DA:391,0
DA:392,0
DA:393,0
DA:394,0
DA:395,0
DA:397,0
DA:398,0
DA:399,0
DA:400,0
DA:401,0
DA:402,0
DA:403,0
DA:404,0
DA:405,0
DA:406,0
DA:407,0
DA:408,0
DA:410,0
DA:411,0
DA:412,0
DA:413,0
DA:414,0
DA:415,0
DA:417,0
DA:418,0
DA:419,0
DA:420,0
DA:421,0
DA:422,0
DA:423,0
DA:424,0
DA:425,0
DA:426,0
DA:427,0
DA:428,0
DA:429,0
DA:430,0
DA:431,0
DA:439,0
DA:440,0
DA:441,0
DA:442,0
DA:447,1
DA:448,1
DA:449,1
DA:450,1
DA:451,1
DA:452,1
DA:453,1
DA:454,1
DA:455,1
DA:456,1
DA:457,1
DA:458,1
DA:459,1
DA:460,1
DA:461,1
DA:462,0
DA:463,0
DA:464,0
DA:466,3
DA:467,3
DA:468,2
DA:470,1
DA:471,0
DA:472,0
DA:473,0
DA:474,0
DA:475,0
DA:476,0
DA:477,0
DA:478,0
DA:479,0
DA:480,0
DA:482,1
DA:483,0
DA:484,0
DA:486,1
DA:487,1
DA:488,0
DA:489,0
DA:490,0
DA:491,0
DA:492,0
DA:493,0
DA:494,0
DA:495,0
DA:496,0
DA:497,0
DA:498,0
DA:499,0
DA:501,1
DA:502,1
DA:503,2
DA:504,2
DA:505,2
DA:511,1
DA:512,1
DA:513,0
DA:515,1
DA:516,1
DA:517,1
DA:518,1
DA:519,1
DA:520,0
DA:521,0
DA:522,0
DA:523,0
DA:525,1
DA:526,2
DA:527,2
DA:528,0
DA:529,0
DA:530,0
DA:531,0
DA:533,2
DA:534,2
DA:535,2
DA:536,2
DA:537,2
DA:538,2
DA:539,2
DA:541,1
DA:542,0
DA:543,0
DA:544,0
DA:545,0
DA:546,0
DA:553,1
DA:554,1
DA:555,1
DA:556,0
DA:557,0
DA:558,0
DA:559,0
DA:560,0
DA:562,1
DA:563,1
DA:564,1
DA:565,1
DA:566,1
DA:567,0
DA:568,0
DA:569,0
DA:570,0
DA:572,1
DA:573,0
DA:574,0
DA:575,0
DA:577,1
DA:578,1
DA:579,1
DA:580,1
DA:581,1
DA:582,1
DA:583,1
DA:584,1
DA:585,1
DA:586,1
DA:587,1
DA:588,1
DA:589,0
DA:591,1
DA:592,1
DA:593,1
DA:594,1
DA:595,1
DA:596,1
DA:597,1
DA:598,1
DA:599,1
DA:600,1
DA:601,1
DA:602,1
DA:603,0
DA:604,0
DA:606,1
DA:607,1
DA:608,1
DA:609,1
DA:610,1
DA:613,1
DA:614,1
DA:615,1
DA:616,1
DA:617,1
DA:618,1
DA:619,1
DA:620,1
DA:621,1
DA:622,1
DA:623,1
DA:624,1
DA:625,0
LF:447
LH:195
end_of_record
TN:
SF:pkg/kv/kvserver/allocator/mmaprototype/constraint.go
FNF:0
FNH:0
DA:107,286
DA:108,286
DA:109,286
DA:110,286
DA:111,286
DA:112,286
DA:113,286
DA:115,411
DA:116,411
DA:117,67
DA:118,67
DA:119,344
DA:120,135
DA:121,135
DA:122,209
DA:123,205
DA:124,205
DA:125,4
DA:146,294
DA:147,294
DA:148,294
DA:149,294
DA:150,294
DA:151,294
DA:152,571
DA:153,571
DA:154,144
DA:155,144
DA:156,144
DA:158,427
DA:159,153
DA:160,153
DA:161,153
DA:163,274
DA:164,36
DA:165,36
DA:166,36
DA:167,36
DA:169,238
DA:170,125
DA:171,125
DA:172,125
DA:173,125
DA:174,113
DA:175,113
DA:176,113
DA:177,113
DA:180,294
DA:181,51
DA:182,51
DA:183,243
DA:184,56
DA:185,56
DA:189,187
DA:190,42
DA:191,42
DA:193,145
DA:194,2
DA:195,2
DA:196,143
DA:206,180
DA:207,180
DA:208,180
DA:209,261
DA:210,261
DA:211,261
DA:212,180
DA:225,40
DA:226,40
DA:227,40
DA:228,40
DA:229,40
DA:230,16
DA:231,16
DA:232,16
DA:233,0
DA:234,0
DA:236,40
DA:237,16
DA:238,16
DA:239,1
DA:240,1
DA:241,24
DA:242,23
DA:243,23
DA:244,23
DA:245,23
DA:246,23
DA:247,23
DA:248,23
DA:249,23
DA:250,23
DA:251,23
DA:252,23
DA:253,39
DA:254,39
DA:255,10
DA:256,10
DA:257,10
DA:258,39
DA:259,39
DA:260,39
DA:261,39
DA:262,39
DA:263,39
DA:264,39
DA:265,39
DA:266,39
DA:271,32
DA:272,32
DA:273,32
DA:274,32
DA:275,74
DA:276,74
DA:277,6
DA:278,6
DA:279,4
DA:280,4
DA:282,6
DA:283,68
DA:284,68
DA:285,68
DA:287,32
DA:288,1
DA:289,1
DA:290,31
DA:291,0
DA:292,0
DA:293,31
DA:294,3
DA:295,28
DA:296,28
DA:297,28
DA:298,21
DA:299,21
DA:300,21
DA:301,21
DA:302,21
DA:303,21
DA:305,31
DA:306,91
DA:307,91
DA:308,91
DA:309,91
DA:310,91
DA:311,91
DA:312,91
DA:313,31
DA:329,39
DA:330,39
DA:331,24
DA:332,24
DA:335,15
DA:336,15
DA:337,15
DA:338,15
DA:339,15
DA:340,15
DA:341,15
DA:342,15
DA:343,36
DA:344,36
DA:345,10
DA:346,10
DA:347,132
DA:348,132
DA:349,30
DA:350,30
DA:351,132
DA:352,132
DA:353,132
DA:354,132
DA:355,132
DA:359,406
DA:360,406
DA:361,406
DA:363,15
DA:364,15
DA:365,1
DA:366,1
DA:367,15
DA:368,15
DA:369,1
DA:370,1
DA:378,15
DA:379,15
DA:380,15
DA:381,15
DA:382,15
DA:383,54
DA:384,54
DA:385,54
DA:386,54
DA:387,54
DA:388,54
DA:389,54
DA:390,54
DA:399,15
DA:400,15
DA:401,15
DA:402,15
DA:403,15
DA:404,36
DA:405,36
DA:406,36
DA:407,36
DA:408,36
DA:409,36
DA:412,38
DA:413,38
DA:414,38
DA:415,10
DA:416,10
DA:417,10
DA:418,10
DA:420,28
DA:421,28
DA:422,28
DA:423,28
DA:424,28
DA:425,28
DA:426,28
DA:427,25
DA:428,25
DA:429,25
DA:430,13
DA:431,13
DA:432,25
DA:433,25
DA:451,15
DA:452,10
DA:453,10
DA:454,10
DA:455,10
DA:456,10
DA:457,10
DA:458,7
DA:459,7
DA:460,1
DA:461,1
DA:462,7
DA:463,7
DA:479,24
DA:480,24
DA:481,65
DA:482,65
DA:483,65
DA:484,65
DA:485,65
DA:486,65
DA:487,65
DA:488,19
DA:489,19
DA:490,19
DA:491,19
DA:492,19
DA:493,17
DA:494,17
DA:495,17
DA:496,17
DA:497,17
DA:498,17
DA:499,17
DA:500,17
DA:501,17
DA:502,17
DA:503,17
DA:504,19
DA:505,19
DA:508,24
DA:509,15
DA:512,36
DA:513,36
DA:514,36
DA:515,36
DA:516,0
DA:518,36
DA:519,1
DA:520,1
DA:521,1
DA:522,1
DA:523,1
DA:525,15
DA:526,15
DA:527,5
DA:528,5
DA:529,5
DA:530,5
DA:531,15
DA:532,53
DA:533,53
DA:534,47
DA:535,47
DA:537,15
DA:538,15
DA:539,15
DA:540,15
DA:541,15
DA:542,15
DA:543,15
DA:544,15
DA:545,15
DA:546,15
DA:547,15
DA:548,15
DA:549,15
DA:550,15
DA:551,15
DA:552,15
DA:553,15
DA:554,15
DA:555,15
DA:556,15
DA:557,15
DA:558,15
DA:559,15
DA:560,15
DA:561,15
DA:562,15
DA:563,12
DA:564,12
DA:565,12
DA:566,38
DA:567,38
DA:568,7
DA:569,7
DA:570,7
DA:571,7
DA:572,7
DA:573,162
DA:574,162
DA:575,162
DA:576,162
DA:577,162
DA:578,162
DA:579,162
DA:580,162
DA:583,456
DA:584,456
DA:585,456
DA:587,12
DA:588,12
DA:589,1
DA:590,1
DA:591,12
DA:592,12
DA:593,24
DA:594,24
DA:595,24
DA:596,24
DA:597,7
DA:598,7
DA:600,17
DA:601,3
DA:602,3
DA:603,3
DA:604,3
DA:605,0
DA:606,0
DA:607,3
DA:608,3
DA:613,31
DA:614,31
DA:615,31
DA:616,0
DA:618,31
DA:619,17
DA:620,17
DA:621,17
DA:623,14
DA:624,14
DA:625,14
DA:626,14
DA:627,0
DA:628,0
DA:629,14
DA:630,14
DA:631,14
DA:632,14
DA:633,14
DA:638,12
DA:639,12
DA:640,9
DA:641,9
DA:642,9
DA:645,12
DA:646,4
DA:647,4
DA:650,15
DA:704,16
DA:705,16
DA:706,32
DA:707,32
DA:708,32
DA:709,32
DA:712,46
DA:713,46
DA:714,46
DA:716,208
DA:717,208
DA:718,208
DA:719,160
DA:720,160
DA:721,160
DA:722,48
DA:723,48
DA:724,208
DA:727,48
DA:728,196
DA:729,196
DA:730,196
DA:731,48
DA:732,48
DA:763,0
DA:764,0
DA:765,0
DA:768,0
DA:769,0
DA:770,0
DA:771,0
DA:772,0
DA:773,0
DA:774,0
DA:775,0
DA:777,0
DA:778,0
DA:779,0
DA:780,0
DA:781,0
DA:782,0
DA:783,0
DA:785,0
DA:786,0
DA:787,0
DA:791,3
DA:792,3
DA:793,3
DA:796,1
DA:797,1
DA:798,1
DA:800,8
DA:801,8
DA:802,8
DA:803,8
DA:804,16
DA:805,16
DA:806,16
DA:807,8
DA:808,8
DA:809,8
DA:810,8
DA:811,8
DA:812,8
DA:813,8
DA:814,8
DA:825,10
DA:826,10
DA:827,10
DA:837,10
DA:838,10
DA:839,10
DA:840,10
DA:841,10
DA:842,10
DA:843,18
DA:844,18
DA:845,0
DA:846,0
DA:847,0
DA:848,66
DA:849,66
DA:850,66
DA:851,66
DA:853,36
DA:854,76
DA:855,76
DA:856,76
DA:857,280
DA:858,280
DA:859,113
DA:860,113
DA:861,113
DA:863,76
DA:864,76
DA:865,0
DA:866,0
DA:867,76
DA:868,39
DA:869,39
DA:870,39
DA:871,39
DA:872,39
DA:873,39
DA:881,66
DA:882,102
DA:883,102
DA:884,102
DA:885,102
DA:886,66
DA:887,66
DA:888,16
DA:890,76
DA:891,137
DA:892,137
DA:893,137
DA:894,100
DA:895,36
DA:896,36
DA:897,36
DA:898,36
DA:899,36
DA:900,36
DA:906,137
DA:907,36
DA:913,76
DA:914,36
DA:919,36
DA:920,110
DA:921,110
DA:922,110
DA:923,1
DA:924,1
DA:925,1
DA:926,1
DA:931,10
DA:932,10
DA:933,10
DA:934,10
DA:935,10
DA:936,8
DA:937,8
DA:938,8
DA:940,10
DA:941,10
DA:942,27
DA:943,27
DA:944,27
DA:945,27
DA:946,27
DA:947,27
DA:948,9
DA:949,9
DA:951,10
DA:952,1
DA:953,2
DA:954,2
DA:955,2
DA:956,1
DA:957,1
DA:958,1
DA:961,1
DA:962,0
DA:966,10
DA:967,27
DA:968,27
DA:969,27
DA:970,27
DA:971,15
DA:972,15
DA:973,15
DA:974,10
DA:975,10
DA:976,10
DA:977,10
DA:978,10
DA:979,30
DA:980,69
DA:981,69
DA:982,160
DA:983,160
DA:984,160
DA:985,160
DA:986,160
DA:987,79
DA:989,81
DA:990,81
DA:993,30
DA:995,20
DA:996,20
DA:997,2
DA:998,2
DA:999,18
DA:1001,10
DA:1002,10
DA:1003,10
DA:1004,10
DA:1005,10
DA:1006,10
DA:1007,10
DA:1008,10
DA:1009,10
DA:1010,10
DA:1011,10
DA:1012,10
DA:1019,26
DA:1020,26
DA:1021,26
DA:1022,3
DA:1023,3
DA:1024,3
DA:1025,3
DA:1026,3
DA:1027,3
DA:1028,3
DA:1029,3
DA:1031,3
DA:1033,26
DA:1036,2
DA:1037,2
DA:1038,2
DA:1039,0
DA:1040,0
DA:1041,2
DA:1042,1
DA:1043,1
DA:1044,1
DA:1045,0
DA:1046,0
DA:1047,1
DA:1048,1
DA:1049,0
DA:1050,0
DA:1053,2
DA:1060,0
DA:1061,0
DA:1062,0
DA:1063,0
DA:1064,0
DA:1066,0
DA:1067,0
DA:1068,0
DA:1069,0
DA:1071,0
DA:1125,86
DA:1126,86
DA:1127,86
DA:1129,63
DA:1130,63
DA:1131,63
DA:1133,16
DA:1134,16
DA:1135,12
DA:1136,12
DA:1137,12
DA:1138,12
DA:1139,12
DA:1140,4
DA:1143,16
DA:1144,16
DA:1145,10
DA:1146,10
DA:1147,10
DA:1148,10
DA:1149,10
DA:1150,6
DA:1153,70
DA:1154,70
DA:1155,32
DA:1156,32
DA:1157,32
DA:1158,32
DA:1159,32
DA:1160,32
DA:1161,38
DA:1164,15
DA:1165,30
DA:1166,30
DA:1167,30
DA:1168,30
DA:1169,5
DA:1170,25
DA:1171,20
DA:1172,20
DA:1173,5
DA:1174,5
DA:1176,15
DA:1179,22
DA:1180,90
DA:1181,90
DA:1182,90
DA:1183,90
DA:1184,90
DA:1185,7
DA:1186,83
DA:1187,69
DA:1188,69
DA:1189,14
DA:1190,14
DA:1192,22
DA:1195,22
DA:1196,22
DA:1197,7
DA:1198,7
DA:1199,7
DA:1200,7
DA:1201,15
DA:1204,15
DA:1205,15
DA:1206,5
DA:1207,5
DA:1208,5
DA:1209,5
DA:1210,10
DA:1213,22
DA:1214,22
DA:1215,7
DA:1216,7
DA:1217,15
DA:1224,23
DA:1225,23
DA:1226,10
DA:1227,10
DA:1228,10
DA:1229,13
DA:1230,7
DA:1231,7
DA:1232,7
DA:1234,6
DA:1235,6
DA:1236,6
DA:1237,6
DA:1238,3
DA:1239,3
DA:1242,3
DA:1243,3
DA:1244,3
DA:1245,6
DA:1246,6
DA:1247,3
DA:1248,3
DA:1251,0
DA:1252,0
DA:1259,15
DA:1260,15
DA:1261,6
DA:1262,6
DA:1263,6
DA:1264,9
DA:1265,5
DA:1266,5
DA:1267,5
DA:1269,5
DA:1270,5
DA:1271,5
DA:1272,6
DA:1273,6
DA:1274,4
DA:1275,4
DA:1278,0
DA:1279,0
DA:1306,9
DA:1307,9
DA:1308,26
DA:1309,26
DA:1310,26
DA:1311,16
DA:1312,16
DA:1313,16
DA:1314,16
DA:1315,16
DA:1317,9
DA:1318,8
DA:1319,8
DA:1320,9
DA:1323,94
DA:1324,94
DA:1325,94
DA:1327,17
DA:1328,17
DA:1329,17
DA:1362,8
DA:1363,16
DA:1364,16
DA:1365,16
DA:1366,16
DA:1371,44
DA:1372,44
DA:1373,44
DA:1374,44
DA:1375,44
DA:1376,44
DA:1377,44
DA:1378,44
DA:1379,44
DA:1380,44
DA:1381,27
DA:1382,27
DA:1383,27
DA:1384,15
DA:1385,15
DA:1386,15
DA:1404,14
DA:1405,14
DA:1406,14
DA:1407,14
DA:1408,14
DA:1409,14
DA:1411,738
DA:1412,738
DA:1413,738
DA:1414,116
DA:1415,116
DA:1416,0
DA:1418,116
DA:1419,116
DA:1420,116
DA:1422,738
DA:1425,894
DA:1426,894
DA:1427,894
DA:1429,117
DA:1430,117
DA:1431,24
DA:1432,24
DA:1433,93
DA:1434,137
DA:1435,137
DA:1436,137
DA:1437,137
DA:1438,137
DA:1439,137
DA:1440,137
DA:1441,93
DA:1442,51
DA:1443,51
DA:1444,93
DA:1445,93
DA:1446,93
DA:1447,44
DA:1448,40
DA:1449,40
DA:1450,40
DA:1452,93
DA:1453,93
DA:1462,11
DA:1463,11
DA:1464,11
DA:1468,65
DA:1469,65
DA:1470,65
DA:1471,189
DA:1472,189
DA:1473,189
DA:1474,189
DA:1475,189
DA:1476,65
DA:1477,65
DA:1480,64
DA:1481,64
DA:1482,166
DA:1483,166
DA:1484,166
DA:1485,64
DA:1502,96
DA:1503,96
DA:1504,96
DA:1505,96
DA:1506,2
DA:1507,2
DA:1508,127
DA:1509,127
DA:1510,84
DA:1511,84
DA:1513,12
DA:1514,0
DA:1515,0
DA:1516,12
DA:1527,28
DA:1528,28
DA:1529,6
DA:1530,6
DA:1531,29
DA:1532,29
DA:1533,18
DA:1534,18
DA:1536,4
DA:1558,1
DA:1559,1
DA:1560,1
DA:1561,1
DA:1562,1
DA:1563,1
DA:1564,1
DA:1565,1
DA:1566,1
DA:1567,1
DA:1568,1
DA:1569,1
DA:1570,1
DA:1571,1
DA:1572,1
DA:1573,1
DA:1574,1
DA:1575,1
DA:1576,1
DA:1577,1
DA:1578,1
DA:1579,1
DA:1580,1
DA:1581,1
DA:1582,1
DA:1583,1
DA:1584,1
DA:1585,1
DA:1586,1
DA:1587,1
DA:1588,1
DA:1589,1
DA:1590,1
LF:909
LH:849
end_of_record
TN:
SF:pkg/kv/kvserver/allocator/mmaprototype/constraint_matcher.go
FNF:0
FNH:0
DA:49,12
DA:50,12
DA:51,12
DA:52,12
DA:53,12
DA:54,12
DA:55,12
DA:56,12
DA:59,36
DA:60,36
DA:61,36
DA:62,35
DA:63,35
DA:64,35
DA:65,35
DA:66,35
DA:67,35
DA:68,36
DA:69,36
DA:70,76
DA:71,76
DA:72,76
DA:73,76
DA:74,52
DA:76,24
DA:77,21
DA:78,21
DA:79,21
DA:80,21
DA:81,0
DA:82,0
DA:84,3
DA:85,3
DA:86,3
DA:87,3
DA:88,3
DA:89,0
DA:90,0
DA:99,120
DA:100,120
DA:101,120
DA:102,56
DA:103,56
DA:104,53
DA:105,16
DA:106,16
DA:109,56
DA:110,16
DA:113,84
DA:114,144
DA:115,144
DA:116,22
DA:117,22
DA:121,120
DA:122,13
DA:123,13
DA:124,120
DA:128,336
DA:129,336
DA:130,336
DA:131,19
DA:132,19
DA:133,19
DA:134,44
DA:135,44
DA:136,19
DA:137,19
DA:138,19
DA:141,336
DA:150,7
DA:151,7
DA:152,7
DA:153,0
DA:154,0
DA:155,0
DA:156,9
DA:157,9
DA:158,9
DA:159,7
DA:160,7
DA:161,2
DA:162,2
DA:163,9
DA:164,2
DA:165,2
DA:175,241
DA:176,241
DA:177,241
DA:178,0
DA:179,0
DA:180,327
DA:181,327
DA:182,327
DA:183,327
DA:184,327
DA:185,180
DA:186,180
DA:188,61
DA:193,27
DA:194,27
DA:195,23
DA:196,23
DA:197,23
DA:200,4
DA:201,4
DA:202,6
DA:203,6
DA:204,6
DA:205,2
DA:207,4
DA:208,1
DA:209,3
DA:210,3
DA:211,3
DA:212,3
DA:213,3
LF:116
LH:107
end_of_record
TN:
SF:pkg/kv/kvserver/allocator/mmaprototype/load.go
FNF:0
FNH:0
DA:37,56
DA:38,56
DA:39,31
DA:40,31
DA:41,17
DA:42,17
DA:43,8
DA:44,8
DA:45,0
DA:46,0
DA:50,51
DA:51,51
DA:52,51
DA:61,235
DA:62,235
DA:63,235
DA:66,240
DA:67,240
DA:68,240
DA:70,29
DA:71,87
DA:72,87
DA:73,87
DA:76,15
DA:77,45
DA:78,45
DA:79,45
DA:119,21
DA:120,42
DA:121,42
DA:122,42
DA:125,6
DA:126,12
DA:127,12
DA:128,12
DA:131,0
DA:132,0
DA:133,0
DA:136,0
DA:137,0
DA:138,0
DA:228,15
DA:229,15
DA:230,15
DA:231,15
DA:232,15
DA:233,15
DA:234,15
DA:239,7
DA:240,7
DA:241,7
DA:242,2
DA:243,2
DA:244,7
DA:248,6
DA:249,6
DA:250,2
DA:251,2
DA:252,6
DA:273,24
DA:274,24
DA:275,24
DA:283,24
DA:284,24
DA:285,24
DA:287,15
DA:288,15
DA:289,15
DA:294,24
DA:295,24
DA:296,24
DA:297,24
DA:298,24
DA:303,10
DA:304,10
DA:305,10
DA:306,10
DA:307,10
DA:308,10
DA:309,10
DA:310,10
DA:311,10
DA:312,10
DA:314,23
DA:315,23
DA:316,23
DA:325,26
DA:326,26
DA:327,26
DA:328,2
DA:329,2
DA:330,24
DA:331,24
DA:332,24
DA:333,24
DA:341,7
DA:342,7
DA:343,7
DA:344,1
DA:345,1
DA:346,6
DA:347,6
DA:348,6
DA:365,25
DA:366,25
DA:367,0
DA:369,25
DA:370,25
DA:371,25
DA:372,63
DA:373,63
DA:374,63
DA:375,63
DA:376,63
DA:377,0
DA:379,63
DA:380,63
DA:381,189
DA:382,189
DA:383,189
DA:384,5
DA:385,184
DA:386,184
DA:387,184
DA:389,126
DA:390,126
DA:391,126
DA:392,63
DA:393,63
DA:394,53
DA:395,53
DA:396,53
DA:397,53
DA:399,75
DA:400,75
DA:401,73
DA:402,73
DA:403,73
DA:404,73
DA:405,2
DA:406,2
DA:407,75
DA:409,50
DA:410,50
DA:411,50
DA:413,25
DA:414,53
DA:415,53
DA:416,53
DA:417,53
DA:418,25
DA:419,25
DA:420,25
DA:421,25
DA:422,25
DA:452,2
DA:453,2
DA:454,2
DA:456,19
DA:457,19
DA:458,4
DA:459,4
DA:460,10
DA:461,10
DA:462,0
DA:463,0
DA:464,0
DA:465,0
DA:466,5
DA:467,5
DA:468,0
DA:469,0
DA:485,252
DA:486,252
DA:487,252
DA:488,0
DA:489,0
DA:490,0
DA:491,0
DA:492,0
DA:493,0
DA:494,0
DA:495,0
DA:514,252
DA:515,252
DA:516,252
DA:517,252
DA:518,252
DA:520,252
DA:521,252
DA:522,252
DA:523,252
DA:524,252
DA:525,20
DA:526,20
DA:529,252
DA:530,14
DA:531,14
DA:534,252
DA:535,252
DA:536,252
DA:537,252
DA:538,252
DA:539,252
DA:540,79
DA:541,173
DA:542,71
DA:543,102
DA:544,0
DA:545,102
DA:546,102
DA:547,102
DA:548,252
DA:549,37
DA:550,37
DA:551,37
DA:552,37
DA:553,37
DA:554,37
DA:555,37
DA:556,17
DA:557,17
DA:559,20
DA:560,10
DA:561,8
DA:562,8
DA:563,2
DA:566,10
DA:567,0
DA:568,0
DA:569,10
DA:571,215
DA:574,63
DA:575,63
DA:576,0
DA:577,0
DA:578,0
DA:579,63
DA:580,63
DA:585,24
DA:586,24
DA:587,24
DA:589,7
DA:590,7
DA:591,21
DA:592,21
DA:593,21
DA:594,7
LF:248
LH:218
end_of_record
TN:
SF:pkg/kv/kvserver/allocator/mmaprototype/memo_helper.go
FNF:0
FNH:0
DA:74,13
DA:75,13
DA:76,13
DA:77,13
DA:78,13
DA:79,13
DA:80,13
DA:89,36
DA:90,36
DA:91,36
DA:92,36
DA:93,36
DA:94,6
DA:95,6
DA:96,4
DA:97,4
DA:99,30
DA:100,30
DA:101,30
DA:102,30
DA:103,30
DA:104,32
DA:105,32
DA:106,3
DA:107,29
DA:108,29
DA:109,29
DA:110,29
DA:111,29
DA:112,29
DA:113,32
DA:114,32
DA:117,24
DA:118,24
DA:119,17
DA:120,17
DA:121,17
DA:122,16
DA:123,16
DA:124,16
DA:128,3
DA:129,3
DA:130,6
DA:131,6
DA:132,6
DA:133,3
LF:46
LH:46
end_of_record
TN:
SF:pkg/kv/kvserver/allocator/mmaprototype/range_change.go
FNF:0
FNH:0
DA:42,1
DA:43,1
DA:44,2
DA:45,2
DA:46,2
DA:47,0
DA:49,2
DA:50,2
DA:51,2
DA:52,2
DA:53,2
DA:54,2
DA:55,2
DA:57,1
DA:58,1
DA:59,1
DA:60,1
DA:63,0
DA:64,0
DA:65,0
DA:71,1
DA:72,1
DA:73,1
DA:74,1
DA:75,1
DA:76,1
DA:77,1
DA:78,1
DA:79,0
DA:80,0
DA:81,0
DA:82,1
DA:83,0
DA:85,1
DA:86,2
DA:87,2
DA:88,1
DA:89,1
DA:90,2
DA:92,1
DA:104,1
DA:105,1
DA:106,1
DA:107,1
DA:108,1
DA:110,0
DA:115,2
DA:116,2
DA:117,0
DA:118,0
DA:119,2
DA:120,4
DA:121,4
DA:122,0
DA:123,0
DA:124,0
DA:125,0
DA:126,4
DA:127,2
DA:128,2
DA:129,2
DA:130,2
DA:131,0
DA:132,0
DA:134,2
DA:151,0
DA:152,0
DA:153,0
DA:155,0
DA:156,0
DA:157,0
DA:158,0
DA:159,0
DA:161,0
DA:162,0
DA:171,0
DA:172,0
DA:173,0
DA:174,0
DA:175,0
DA:176,0
DA:177,0
DA:178,0
DA:179,0
DA:180,0
DA:181,0
DA:182,0
DA:183,0
DA:185,0
DA:186,0
DA:187,0
DA:188,0
DA:190,0
DA:192,0
DA:194,0
DA:195,0
DA:196,0
DA:197,0
DA:198,0
DA:199,0
DA:200,0
DA:201,0
DA:202,0
DA:203,0
DA:205,0
DA:208,0
DA:209,0
DA:210,0
DA:211,0
DA:212,0
DA:218,1
DA:219,1
DA:220,0
DA:222,2
DA:223,2
DA:224,1
DA:225,1
DA:227,0
DA:232,0
DA:233,0
DA:234,0
DA:236,0
DA:237,0
DA:238,0
DA:239,0
DA:241,0
DA:246,5
DA:247,5
DA:248,5
LF:129
LH:57
end_of_record
TN:
SF:pkg/kv/kvserver/allocator/mmaprototype/rebalance_advisor.go
FNF:0
FNH:0
DA:43,0
DA:44,0
DA:45,0
DA:46,0
DA:47,0
DA:79,0
DA:80,0
DA:81,0
DA:82,0
DA:83,0
DA:84,0
DA:85,0
DA:86,0
DA:87,0
DA:88,0
DA:89,0
DA:90,0
DA:104,0
DA:105,0
DA:106,0
DA:107,0
DA:109,0
DA:110,0
DA:111,0
DA:112,0
DA:113,0
DA:114,0
DA:115,0
DA:116,0
DA:117,0
DA:118,0
DA:119,0
DA:120,0
DA:121,0
DA:122,0
DA:123,0
DA:124,0
DA:125,0
DA:126,0
DA:127,0
DA:128,0
DA:129,0
DA:130,0
DA:131,0
DA:132,0
DA:133,0
DA:134,0
DA:135,0
DA:136,0
DA:138,0
LF:50
LH:0
end_of_record
TN:
SF:pkg/kv/kvserver/allocator/mmaprototype/store_load_summary.go
FNF:0
FNH:0
DA:25,2
DA:26,2
DA:27,2
DA:29,3
DA:30,3
DA:31,3
DA:32,3
DA:33,3
DA:34,3
DA:35,3
LF:10
LH:10
end_of_record
TN:
SF:pkg/kv/kvserver/allocator/mmaprototype/store_set.go
FNF:0
FNH:0
DA:18,5
DA:19,5
DA:20,5
DA:21,5
DA:23,3
DA:24,3
DA:25,3
DA:26,3
DA:27,13
DA:28,13
DA:29,2
DA:30,2
DA:33,11
DA:34,7
DA:35,7
DA:36,7
DA:39,4
DA:40,4
DA:42,3
DA:43,3
DA:44,3
DA:45,3
DA:48,4
DA:49,4
DA:50,4
DA:51,4
DA:52,4
DA:53,4
DA:54,12
DA:55,12
DA:56,5
DA:57,7
DA:58,1
DA:59,6
DA:60,6
DA:61,6
DA:62,6
DA:63,6
DA:64,6
DA:66,4
DA:69,38
DA:70,38
DA:71,38
DA:72,38
DA:73,38
DA:74,1
DA:75,1
DA:76,86
DA:77,86
DA:78,0
DA:79,0
DA:81,37
DA:85,15
DA:86,15
DA:87,15
DA:88,15
DA:89,30
DA:90,30
DA:91,12
DA:92,12
DA:93,12
DA:94,12
DA:97,15
DA:98,3
DA:99,3
DA:100,12
DA:101,12
DA:105,244
DA:106,244
DA:107,244
DA:108,244
DA:109,244
DA:110,224
DA:111,21
DA:112,203
DA:113,1
DA:114,1
DA:116,243
DA:117,243
DA:118,136
DA:119,136
DA:120,107
DA:121,107
DA:122,107
DA:123,106
DA:124,106
DA:125,107
DA:126,107
DA:127,107
DA:128,2
DA:129,2
DA:131,243
DA:132,243
DA:133,243
DA:134,243
DA:137,74
DA:138,74
DA:139,74
DA:140,74
DA:150,4
DA:151,4
DA:152,22
DA:153,22
DA:154,22
DA:155,22
DA:156,4
LF:106
LH:104
end_of_record
TN:
SF:pkg/kv/kvserver/allocator/mmaprototype/store_status.go
FNF:0
FNH:0
DA:106,23
DA:107,23
DA:108,23
DA:109,23
DA:110,23
DA:111,23
DA:112,23
DA:113,23
DA:115,23
DA:116,23
DA:117,23
DA:118,23
DA:119,0
DA:120,0
DA:121,23
DA:122,23
DA:123,0
DA:124,0
DA:125,23
DA:126,0
DA:127,0
DA:128,23
DA:129,0
DA:130,0
DA:131,23
DA:134,23
DA:135,23
DA:136,0
DA:140,8
DA:141,8
DA:142,8
DA:145,92
DA:146,92
DA:147,3
DA:148,3
DA:149,84
DA:150,84
DA:151,5
DA:152,5
DA:153,0
DA:154,0
DA:155,0
DA:156,0
DA:160,6
DA:161,6
DA:162,6
DA:165,6
DA:166,6
DA:167,2
DA:168,2
DA:169,2
DA:170,2
DA:171,2
DA:172,2
DA:173,0
DA:174,0
DA:178,5
DA:179,5
DA:180,5
DA:183,5
DA:184,5
DA:185,2
DA:186,2
DA:187,2
DA:188,2
DA:189,1
DA:190,1
DA:191,0
DA:192,0
DA:196,0
DA:197,0
DA:198,0
DA:201,84
DA:202,84
DA:203,81
DA:204,81
DA:205,81
DA:207,3
DA:208,3
DA:209,3
DA:210,3
DA:211,0
DA:212,3
DA:213,3
DA:214,3
DA:216,3
DA:217,1
DA:218,2
DA:219,2
DA:220,2
DA:222,3
DA:223,3
DA:224,1
DA:225,1
DA:226,1
DA:227,0
DA:228,0
DA:229,1
DA:231,1
DA:233,3
DA:234,3
DA:235,1
DA:236,1
DA:237,3
DA:238,5
DA:239,5
DA:240,2
DA:241,2
DA:242,5
DA:247,84
DA:248,84
DA:249,84
DA:252,84
DA:253,84
DA:254,84
DA:255,84
DA:256,84
LF:117
LH:94
end_of_record
TN:
SF:pkg/kv/kvserver/allocator/mmaprototype/top_k_replicas.go
FNF:0
FNH:0
DA:31,55
DA:32,55
DA:33,55
DA:41,50
DA:42,50
DA:43,0
DA:44,0
DA:45,0
DA:46,0
DA:47,50
DA:48,50
DA:49,50
DA:50,50
DA:51,50
DA:52,8
DA:53,5
DA:54,5
DA:55,3
DA:56,3
DA:58,47
DA:61,55
DA:62,55
DA:63,55
DA:64,19
DA:65,36
DA:66,36
DA:67,36
DA:68,55
DA:69,42
DA:70,42
DA:73,97
DA:74,97
DA:75,0
DA:76,0
DA:77,97
DA:80,59
DA:81,59
DA:82,59
DA:90,199
DA:91,199
DA:92,199
DA:94,12
DA:95,12
DA:96,12
DA:98,20
DA:99,20
DA:100,0
DA:101,0
DA:102,20
DA:105,50
DA:106,50
DA:107,50
DA:109,47
DA:110,47
DA:111,47
DA:112,47
DA:114,47
DA:115,47
DA:116,47
DA:117,47
DA:118,47
DA:119,47
DA:120,47
DA:121,47
LF:64
LH:56
end_of_record
